18-Dec-2023 11:46:35.103 INFO [main] org.apache.catalina.startup.VersionLoggerListener.log Server version name:   Apache Tomcat/9.0.84
18-Dec-2023 11:46:35.106 INFO [main] org.apache.catalina.startup.VersionLoggerListener.log Server built:          Dec 7 2023 19:27:40 UTC
18-Dec-2023 11:46:35.107 INFO [main] org.apache.catalina.startup.VersionLoggerListener.log Server version number: 9.0.84.0
18-Dec-2023 11:46:35.107 INFO [main] org.apache.catalina.startup.VersionLoggerListener.log OS Name:               Linux
18-Dec-2023 11:46:35.108 INFO [main] org.apache.catalina.startup.VersionLoggerListener.log OS Version:            5.15.133.1-microsoft-standard-WSL2
18-Dec-2023 11:46:35.108 INFO [main] org.apache.catalina.startup.VersionLoggerListener.log Architecture:          amd64
18-Dec-2023 11:46:35.108 INFO [main] org.apache.catalina.startup.VersionLoggerListener.log Java Home:             /usr/lib/jvm/java-1.8.0-openjdk-1.8.0.392.b08-4.el8_8.x86_64/jre
18-Dec-2023 11:46:35.108 INFO [main] org.apache.catalina.startup.VersionLoggerListener.log JVM Version:           1.8.0_392-b08
18-Dec-2023 11:46:35.109 INFO [main] org.apache.catalina.startup.VersionLoggerListener.log JVM Vendor:            Red Hat, Inc.
18-Dec-2023 11:46:35.109 INFO [main] org.apache.catalina.startup.VersionLoggerListener.log CATALINA_BASE:         /home/mobius/tomcat
18-Dec-2023 11:46:35.109 INFO [main] org.apache.catalina.startup.VersionLoggerListener.log CATALINA_HOME:         /home/mobius/tomcat
18-Dec-2023 11:46:35.110 INFO [main] org.apache.catalina.startup.VersionLoggerListener.log Command line argument: -Djava.util.logging.config.file=/home/mobius/tomcat/conf/logging.properties
18-Dec-2023 11:46:35.111 INFO [main] org.apache.catalina.startup.VersionLoggerListener.log Command line argument: -Djava.util.logging.manager=org.apache.juli.ClassLoaderLogManager
18-Dec-2023 11:46:35.112 INFO [main] org.apache.catalina.startup.VersionLoggerListener.log Command line argument: -Djdk.tls.ephemeralDHKeySize=2048
18-Dec-2023 11:46:35.112 INFO [main] org.apache.catalina.startup.VersionLoggerListener.log Command line argument: -Djava.protocol.handler.pkgs=org.apache.catalina.webresources
18-Dec-2023 11:46:35.112 INFO [main] org.apache.catalina.startup.VersionLoggerListener.log Command line argument: -Dorg.apache.catalina.security.SecurityListener.UMASK=0027
18-Dec-2023 11:46:35.113 INFO [main] org.apache.catalina.startup.VersionLoggerListener.log Command line argument: -Dignore.endorsed.dirs=
18-Dec-2023 11:46:35.113 INFO [main] org.apache.catalina.startup.VersionLoggerListener.log Command line argument: -Dcatalina.base=/home/mobius/tomcat
18-Dec-2023 11:46:35.113 INFO [main] org.apache.catalina.startup.VersionLoggerListener.log Command line argument: -Dcatalina.home=/home/mobius/tomcat
18-Dec-2023 11:46:35.113 INFO [main] org.apache.catalina.startup.VersionLoggerListener.log Command line argument: -Djava.io.tmpdir=/home/mobius/tomcat/temp
18-Dec-2023 11:46:35.116 INFO [main] org.apache.catalina.core.AprLifecycleListener.lifecycleEvent The Apache Tomcat Native library which allows using OpenSSL was not found on the java.library.path: [/usr/java/packages/lib/amd64:/usr/lib64:/lib64:/lib:/usr/lib]
18-Dec-2023 11:46:35.534 INFO [main] org.apache.coyote.AbstractProtocol.init Initializing ProtocolHandler ["http-nio-8080"]
18-Dec-2023 11:46:35.562 INFO [main] org.apache.catalina.startup.Catalina.load Server initialization in [672] milliseconds
18-Dec-2023 11:46:35.600 INFO [main] org.apache.catalina.core.StandardService.startInternal Starting service [Catalina]
18-Dec-2023 11:46:35.600 INFO [main] org.apache.catalina.core.StandardEngine.startInternal Starting Servlet engine: [Apache Tomcat/9.0.84]
18-Dec-2023 11:46:35.607 INFO [main] org.apache.catalina.startup.HostConfig.deployDirectory Deploying web application directory [/home/mobius/tomcat/webapps/printagent]
18-Dec-2023 11:46:42.252 INFO [main] org.apache.jasper.servlet.TldScanner.scanJars At least one JAR was scanned for TLDs yet contained no TLDs. Enable debug logging for this logger for a complete list of JARs that were scanned but no TLDs were found in them. Skipping unneeded JARs during scanning can improve startup time and JSP compilation time.
18-Dec-2023 11:46:57.909 INFO [main] org.apache.catalina.startup.HostConfig.deployDirectory Deployment of web application directory [/home/mobius/tomcat/webapps/printagent] has finished in [22,301] ms
18-Dec-2023 11:46:57.914 INFO [main] org.apache.coyote.AbstractProtocol.start Starting ProtocolHandler ["http-nio-8080"]
18-Dec-2023 11:46:57.931 INFO [main] org.apache.catalina.startup.Catalina.start Server startup in [22368] milliseconds
