2023-12-06 10:20:48.162 [ERROR]    [main] com.asg.acreatecli.impl.ArchiveCreation:archive - Unexpected response status code: '500'. Response body is: {"statusID":"AC2020-20231206132035-0002","percentComplete":100,"status":"failed","statusMessage":"Problem 111, Severity 12, UserMsg \"N388E- Multiple values (\":`ì'  5ÉR¼©Óm  (©ÆÇÑ  ð\", \"2ieý õ; ‚ÞF\") found on page 116 for attribute topic \"ACOffice\"; not supported.\", TechInfo \"Duplicate attribute topic value for same content reference.\", Prog \"TopicIndexBuilder\", Label \"OKOK\", Caller \"\", CallerLabel \"\"","statusDetails":["Wed Dec 06 13:20:47 2023 - N057E- A parsing error caused archive creation to stop. Check the log file."],"documentStatuses":[],"links":[{"rel":"self","href":"/mobius/rest/repositories/5A892134-0E17-4D63-9C5E-0734DB7AF8E7/archivingstatuses/AC2020-20231206132035-0002","method":"GET"}]}
com.asg.acreatecli.exceptions.RequestFailedException: Unexpected response status code: '500'. Response body is: {"statusID":"AC2020-20231206132035-0002","percentComplete":100,"status":"failed","statusMessage":"Problem 111, Severity 12, UserMsg \"N388E- Multiple values (\":`ì'  5ÉR¼©Óm  (©ÆÇÑ  ð\", \"2ieý õ; ‚ÞF\") found on page 116 for attribute topic \"ACOffice\"; not supported.\", TechInfo \"Duplicate attribute topic value for same content reference.\", Prog \"TopicIndexBuilder\", Label \"OKOK\", Caller \"\", CallerLabel \"\"","statusDetails":["Wed Dec 06 13:20:47 2023 - N057E- A parsing error caused archive creation to stop. Check the log file."],"documentStatuses":[],"links":[{"rel":"self","href":"/mobius/rest/repositories/5A892134-0E17-4D63-9C5E-0734DB7AF8E7/archivingstatuses/AC2020-20231206132035-0002","method":"GET"}]}
	at com.asg.acreatecli.impl.ArchiveRestClient.getCreateArchiveStatusEnhanced(ArchiveRestClient.java:73) ~[acreate-cli.jar:12.3.0001]
	at com.asg.acreatecli.common.StatusRequestProcessor.retrieveStatus(StatusRequestProcessor.java:178) ~[acreate-cli.jar:12.3.0001]
	at com.asg.acreatecli.common.StatusRequestProcessor.retrieveStatus(StatusRequestProcessor.java:192) ~[acreate-cli.jar:12.3.0001]
	at com.asg.acreatecli.common.StatusRequestProcessor.updateRequestStatusMap(StatusRequestProcessor.java:237) ~[acreate-cli.jar:12.3.0001]
	at com.asg.acreatecli.impl.ArchiveCreation.archiveOneInputFileMaskWithPolicy(ArchiveCreation.java:335) ~[acreate-cli.jar:12.3.0001]
	at com.asg.acreatecli.impl.ArchiveCreation.policyBasedArchiving(ArchiveCreation.java:375) ~[acreate-cli.jar:12.3.0001]
	at com.asg.acreatecli.impl.ArchiveCreation.archive(ArchiveCreation.java:118) ~[acreate-cli.jar:12.3.0001]
	at com.asg.acreatecli.commandline.ProcessCommands.processArchiveCreation(ProcessCommands.java:184) ~[acreate-cli.jar:12.3.0001]
	at com.asg.acreatecli.commandline.ProcessCommands.processCommands(ProcessCommands.java:137) ~[acreate-cli.jar:12.3.0001]
	at com.asg.acreatecli.AcreateClient.main(AcreateClient.java:39) ~[acreate-cli.jar:12.3.0001]
2023-12-06 10:23:48.411 [ERROR]    [main] com.asg.acreatecli.impl.ArchiveCreation:archive - Unexpected response status code: '500'. Response body is: {"statusID":"AC2020-20231206132340-0005","percentComplete":100,"status":"failed","statusMessage":"Problem 111, Severity 12, UserMsg \"N388E- Multiple values (\":`ì'  5ÉR¼©Óm  (©ÆÇÑ  ð\", \"2ieý õ; ‚ÞF\") found on page 116 for attribute topic \"ACOffice\"; not supported.\", TechInfo \"Duplicate attribute topic value for same content reference.\", Prog \"TopicIndexBuilder\", Label \"OKOK\", Caller \"\", CallerLabel \"\"","statusDetails":["Wed Dec 06 13:23:48 2023 - N057E- A parsing error caused archive creation to stop. Check the log file."],"documentStatuses":[],"links":[{"rel":"self","href":"/mobius/rest/repositories/5A892134-0E17-4D63-9C5E-0734DB7AF8E7/archivingstatuses/AC2020-20231206132340-0005","method":"GET"}]}
com.asg.acreatecli.exceptions.RequestFailedException: Unexpected response status code: '500'. Response body is: {"statusID":"AC2020-20231206132340-0005","percentComplete":100,"status":"failed","statusMessage":"Problem 111, Severity 12, UserMsg \"N388E- Multiple values (\":`ì'  5ÉR¼©Óm  (©ÆÇÑ  ð\", \"2ieý õ; ‚ÞF\") found on page 116 for attribute topic \"ACOffice\"; not supported.\", TechInfo \"Duplicate attribute topic value for same content reference.\", Prog \"TopicIndexBuilder\", Label \"OKOK\", Caller \"\", CallerLabel \"\"","statusDetails":["Wed Dec 06 13:23:48 2023 - N057E- A parsing error caused archive creation to stop. Check the log file."],"documentStatuses":[],"links":[{"rel":"self","href":"/mobius/rest/repositories/5A892134-0E17-4D63-9C5E-0734DB7AF8E7/archivingstatuses/AC2020-20231206132340-0005","method":"GET"}]}
	at com.asg.acreatecli.impl.ArchiveRestClient.getCreateArchiveStatusEnhanced(ArchiveRestClient.java:73) ~[acreate-cli.jar:12.3.0001]
	at com.asg.acreatecli.common.StatusRequestProcessor.retrieveStatus(StatusRequestProcessor.java:178) ~[acreate-cli.jar:12.3.0001]
	at com.asg.acreatecli.common.StatusRequestProcessor.retrieveStatus(StatusRequestProcessor.java:192) ~[acreate-cli.jar:12.3.0001]
	at com.asg.acreatecli.common.StatusRequestProcessor.updateRequestStatusMap(StatusRequestProcessor.java:237) ~[acreate-cli.jar:12.3.0001]
	at com.asg.acreatecli.impl.ArchiveCreation.archiveOneInputFileMaskWithPolicy(ArchiveCreation.java:335) ~[acreate-cli.jar:12.3.0001]
	at com.asg.acreatecli.impl.ArchiveCreation.policyBasedArchiving(ArchiveCreation.java:375) ~[acreate-cli.jar:12.3.0001]
	at com.asg.acreatecli.impl.ArchiveCreation.archive(ArchiveCreation.java:118) ~[acreate-cli.jar:12.3.0001]
	at com.asg.acreatecli.commandline.ProcessCommands.processArchiveCreation(ProcessCommands.java:184) ~[acreate-cli.jar:12.3.0001]
	at com.asg.acreatecli.commandline.ProcessCommands.processCommands(ProcessCommands.java:137) ~[acreate-cli.jar:12.3.0001]
	at com.asg.acreatecli.AcreateClient.main(AcreateClient.java:39) ~[acreate-cli.jar:12.3.0001]
