2023-12-06 13:08:58.265 [ERROR]    [main] com.asg.acreatecli.common.StatusRequestProcessor:addToRequestStatusMap - Problem 112, Severity 12, UserMsg "S124E- Unable to create archive because report version 20231128185545 already exists.", TechInfo "", Prog "BeginArchiveCreate", Label "ARCP-OK4", Caller "ContinueParsingSpoolProcess", CallerLabel "ENTR"
2023-12-06 13:09:21.514 [ERROR]    [main] com.asg.acreatecli.common.StatusRequestProcessor:addToRequestStatusMap - Problem 112, Severity 12, UserMsg "S124E- Unable to create archive because report version 20231128185545 already exists.", TechInfo "", Prog "BeginArchiveCreate", Label "ARCP-OK4", Caller "ContinueParsingSpoolProcess", CallerLabel "ENTR"
2023-12-06 16:01:05.818 [ERROR]    [main] com.asg.acreatecli.impl.ArchiveCreation:archive - Unexpected response status code: '500'. Response body is: {"statusID":"JOBS-20231128185545-0016","percentComplete":100,"status":"failed","statusMessage":"Problem 302, Severity 12, UserMsg \"N386E- Topic granularity inconsistency.\nTopic JobUser defined in the database with page level granularity, but has line level granularity in the current report.\", TechInfo \"Topic granularity inconsistency.TIB2\", Prog \"TopicIndexBuilder\", Label \"OKOK\", Caller \"\", CallerLabel \"\"","statusDetails":["Wed Dec 06 19:01:05 2023 - N379I- Phase: Reading input file","Wed Dec 06 19:01:05 2023 - N381I- Report ID: JOBS","Wed Dec 06 19:01:05 2023 - N499I- Report version: 20231128185545","Wed Dec 06 19:01:05 2023 - N057E- A parsing error caused archive creation to stop. Check the log file."],"documentStatuses":[],"links":[{"rel":"self","href":"/mobius/rest/repositories/5A892134-0E17-4D63-9C5E-0734DB7AF8E7/archivingstatuses/JOBS-20231128185545-0016","method":"GET"}]}
com.asg.acreatecli.exceptions.RequestFailedException: Unexpected response status code: '500'. Response body is: {"statusID":"JOBS-20231128185545-0016","percentComplete":100,"status":"failed","statusMessage":"Problem 302, Severity 12, UserMsg \"N386E- Topic granularity inconsistency.\nTopic JobUser defined in the database with page level granularity, but has line level granularity in the current report.\", TechInfo \"Topic granularity inconsistency.TIB2\", Prog \"TopicIndexBuilder\", Label \"OKOK\", Caller \"\", CallerLabel \"\"","statusDetails":["Wed Dec 06 19:01:05 2023 - N379I- Phase: Reading input file","Wed Dec 06 19:01:05 2023 - N381I- Report ID: JOBS","Wed Dec 06 19:01:05 2023 - N499I- Report version: 20231128185545","Wed Dec 06 19:01:05 2023 - N057E- A parsing error caused archive creation to stop. Check the log file."],"documentStatuses":[],"links":[{"rel":"self","href":"/mobius/rest/repositories/5A892134-0E17-4D63-9C5E-0734DB7AF8E7/archivingstatuses/JOBS-20231128185545-0016","method":"GET"}]}
	at com.asg.acreatecli.impl.ArchiveRestClient.getCreateArchiveStatusEnhanced(ArchiveRestClient.java:73) ~[acreate-cli.jar:12.3.0001]
	at com.asg.acreatecli.common.StatusRequestProcessor.retrieveStatus(StatusRequestProcessor.java:178) ~[acreate-cli.jar:12.3.0001]
	at com.asg.acreatecli.common.StatusRequestProcessor.retrieveStatus(StatusRequestProcessor.java:192) ~[acreate-cli.jar:12.3.0001]
	at com.asg.acreatecli.common.StatusRequestProcessor.updateRequestStatusMap(StatusRequestProcessor.java:237) ~[acreate-cli.jar:12.3.0001]
	at com.asg.acreatecli.impl.ArchiveCreation.archiveOneInputFileMaskWithPolicy(ArchiveCreation.java:335) ~[acreate-cli.jar:12.3.0001]
	at com.asg.acreatecli.impl.ArchiveCreation.policyBasedArchiving(ArchiveCreation.java:375) ~[acreate-cli.jar:12.3.0001]
	at com.asg.acreatecli.impl.ArchiveCreation.archive(ArchiveCreation.java:118) ~[acreate-cli.jar:12.3.0001]
	at com.asg.acreatecli.commandline.ProcessCommands.processArchiveCreation(ProcessCommands.java:184) ~[acreate-cli.jar:12.3.0001]
	at com.asg.acreatecli.commandline.ProcessCommands.processCommands(ProcessCommands.java:137) ~[acreate-cli.jar:12.3.0001]
	at com.asg.acreatecli.AcreateClient.main(AcreateClient.java:39) ~[acreate-cli.jar:12.3.0001]
2023-12-06 16:01:31.588 [ERROR]    [main] com.asg.acreatecli.impl.ArchiveCreation:archive - Unexpected response status code: '500'. Response body is: {"statusID":"JOBS-20231128185545-0017","percentComplete":100,"status":"failed","statusMessage":"Problem 302, Severity 12, UserMsg \"N386E- Topic granularity inconsistency.\nTopic JobUser defined in the database with page level granularity, but has line level granularity in the current report.\", TechInfo \"Topic granularity inconsistency.TIB2\", Prog \"TopicIndexBuilder\", Label \"OKOK\", Caller \"\", CallerLabel \"\"","statusDetails":["Wed Dec 06 19:01:31 2023 - N379I- Phase: Reading input file","Wed Dec 06 19:01:31 2023 - N381I- Report ID: JOBS","Wed Dec 06 19:01:31 2023 - N499I- Report version: 20231128185545","Wed Dec 06 19:01:31 2023 - N057E- A parsing error caused archive creation to stop. Check the log file."],"documentStatuses":[],"links":[{"rel":"self","href":"/mobius/rest/repositories/5A892134-0E17-4D63-9C5E-0734DB7AF8E7/archivingstatuses/JOBS-20231128185545-0017","method":"GET"}]}
com.asg.acreatecli.exceptions.RequestFailedException: Unexpected response status code: '500'. Response body is: {"statusID":"JOBS-20231128185545-0017","percentComplete":100,"status":"failed","statusMessage":"Problem 302, Severity 12, UserMsg \"N386E- Topic granularity inconsistency.\nTopic JobUser defined in the database with page level granularity, but has line level granularity in the current report.\", TechInfo \"Topic granularity inconsistency.TIB2\", Prog \"TopicIndexBuilder\", Label \"OKOK\", Caller \"\", CallerLabel \"\"","statusDetails":["Wed Dec 06 19:01:31 2023 - N379I- Phase: Reading input file","Wed Dec 06 19:01:31 2023 - N381I- Report ID: JOBS","Wed Dec 06 19:01:31 2023 - N499I- Report version: 20231128185545","Wed Dec 06 19:01:31 2023 - N057E- A parsing error caused archive creation to stop. Check the log file."],"documentStatuses":[],"links":[{"rel":"self","href":"/mobius/rest/repositories/5A892134-0E17-4D63-9C5E-0734DB7AF8E7/archivingstatuses/JOBS-20231128185545-0017","method":"GET"}]}
	at com.asg.acreatecli.impl.ArchiveRestClient.getCreateArchiveStatusEnhanced(ArchiveRestClient.java:73) ~[acreate-cli.jar:12.3.0001]
	at com.asg.acreatecli.common.StatusRequestProcessor.retrieveStatus(StatusRequestProcessor.java:178) ~[acreate-cli.jar:12.3.0001]
	at com.asg.acreatecli.common.StatusRequestProcessor.retrieveStatus(StatusRequestProcessor.java:192) ~[acreate-cli.jar:12.3.0001]
	at com.asg.acreatecli.common.StatusRequestProcessor.updateRequestStatusMap(StatusRequestProcessor.java:237) ~[acreate-cli.jar:12.3.0001]
	at com.asg.acreatecli.impl.ArchiveCreation.archiveOneInputFileMaskWithPolicy(ArchiveCreation.java:335) ~[acreate-cli.jar:12.3.0001]
	at com.asg.acreatecli.impl.ArchiveCreation.policyBasedArchiving(ArchiveCreation.java:375) ~[acreate-cli.jar:12.3.0001]
	at com.asg.acreatecli.impl.ArchiveCreation.archive(ArchiveCreation.java:118) ~[acreate-cli.jar:12.3.0001]
	at com.asg.acreatecli.commandline.ProcessCommands.processArchiveCreation(ProcessCommands.java:184) ~[acreate-cli.jar:12.3.0001]
	at com.asg.acreatecli.commandline.ProcessCommands.processCommands(ProcessCommands.java:137) ~[acreate-cli.jar:12.3.0001]
	at com.asg.acreatecli.AcreateClient.main(AcreateClient.java:39) ~[acreate-cli.jar:12.3.0001]
2023-12-06 16:01:57.397 [ERROR]    [main] com.asg.acreatecli.impl.ArchiveCreation:archive - Unexpected response status code: '500'. Response body is: {"statusID":"JOBS-20230709185545-0018","percentComplete":100,"status":"failed","statusMessage":"Problem 302, Severity 12, UserMsg \"N386E- Topic granularity inconsistency.\nTopic JobUser defined in the database with page level granularity, but has line level granularity in the current report.\", TechInfo \"Topic granularity inconsistency.TIB2\", Prog \"TopicIndexBuilder\", Label \"OKOK\", Caller \"\", CallerLabel \"\"","statusDetails":["Wed Dec 06 19:01:57 2023 - N379I- Phase: Reading input file","Wed Dec 06 19:01:57 2023 - N381I- Report ID: JOBS","Wed Dec 06 19:01:57 2023 - N499I- Report version: 20230709185545","Wed Dec 06 19:01:57 2023 - N057E- A parsing error caused archive creation to stop. Check the log file."],"documentStatuses":[],"links":[{"rel":"self","href":"/mobius/rest/repositories/5A892134-0E17-4D63-9C5E-0734DB7AF8E7/archivingstatuses/JOBS-20230709185545-0018","method":"GET"}]}
com.asg.acreatecli.exceptions.RequestFailedException: Unexpected response status code: '500'. Response body is: {"statusID":"JOBS-20230709185545-0018","percentComplete":100,"status":"failed","statusMessage":"Problem 302, Severity 12, UserMsg \"N386E- Topic granularity inconsistency.\nTopic JobUser defined in the database with page level granularity, but has line level granularity in the current report.\", TechInfo \"Topic granularity inconsistency.TIB2\", Prog \"TopicIndexBuilder\", Label \"OKOK\", Caller \"\", CallerLabel \"\"","statusDetails":["Wed Dec 06 19:01:57 2023 - N379I- Phase: Reading input file","Wed Dec 06 19:01:57 2023 - N381I- Report ID: JOBS","Wed Dec 06 19:01:57 2023 - N499I- Report version: 20230709185545","Wed Dec 06 19:01:57 2023 - N057E- A parsing error caused archive creation to stop. Check the log file."],"documentStatuses":[],"links":[{"rel":"self","href":"/mobius/rest/repositories/5A892134-0E17-4D63-9C5E-0734DB7AF8E7/archivingstatuses/JOBS-20230709185545-0018","method":"GET"}]}
	at com.asg.acreatecli.impl.ArchiveRestClient.getCreateArchiveStatusEnhanced(ArchiveRestClient.java:73) ~[acreate-cli.jar:12.3.0001]
	at com.asg.acreatecli.common.StatusRequestProcessor.retrieveStatus(StatusRequestProcessor.java:178) ~[acreate-cli.jar:12.3.0001]
	at com.asg.acreatecli.common.StatusRequestProcessor.retrieveStatus(StatusRequestProcessor.java:192) ~[acreate-cli.jar:12.3.0001]
	at com.asg.acreatecli.common.StatusRequestProcessor.updateRequestStatusMap(StatusRequestProcessor.java:237) ~[acreate-cli.jar:12.3.0001]
	at com.asg.acreatecli.impl.ArchiveCreation.archiveOneInputFileMaskWithPolicy(ArchiveCreation.java:335) ~[acreate-cli.jar:12.3.0001]
	at com.asg.acreatecli.impl.ArchiveCreation.policyBasedArchiving(ArchiveCreation.java:375) ~[acreate-cli.jar:12.3.0001]
	at com.asg.acreatecli.impl.ArchiveCreation.archive(ArchiveCreation.java:118) ~[acreate-cli.jar:12.3.0001]
	at com.asg.acreatecli.commandline.ProcessCommands.processArchiveCreation(ProcessCommands.java:184) ~[acreate-cli.jar:12.3.0001]
	at com.asg.acreatecli.commandline.ProcessCommands.processCommands(ProcessCommands.java:137) ~[acreate-cli.jar:12.3.0001]
	at com.asg.acreatecli.AcreateClient.main(AcreateClient.java:39) ~[acreate-cli.jar:12.3.0001]
2023-12-06 16:02:27.177 [ERROR]    [main] com.asg.acreatecli.impl.ArchiveCreation:archive - Unexpected response status code: '500'. Response body is: {"statusID":"JOBS-20231128185545-0019","percentComplete":100,"status":"failed","statusMessage":"Problem 302, Severity 12, UserMsg \"N386E- Topic granularity inconsistency.\nTopic JobUser defined in the database with page level granularity, but has line level granularity in the current report.\", TechInfo \"Topic granularity inconsistency.TIB2\", Prog \"TopicIndexBuilder\", Label \"OKOK\", Caller \"\", CallerLabel \"\"","statusDetails":["Wed Dec 06 19:02:27 2023 - N379I- Phase: Reading input file","Wed Dec 06 19:02:27 2023 - N381I- Report ID: JOBS","Wed Dec 06 19:02:27 2023 - N499I- Report version: 20231128185545","Wed Dec 06 19:02:27 2023 - N057E- A parsing error caused archive creation to stop. Check the log file."],"documentStatuses":[],"links":[{"rel":"self","href":"/mobius/rest/repositories/5A892134-0E17-4D63-9C5E-0734DB7AF8E7/archivingstatuses/JOBS-20231128185545-0019","method":"GET"}]}
com.asg.acreatecli.exceptions.RequestFailedException: Unexpected response status code: '500'. Response body is: {"statusID":"JOBS-20231128185545-0019","percentComplete":100,"status":"failed","statusMessage":"Problem 302, Severity 12, UserMsg \"N386E- Topic granularity inconsistency.\nTopic JobUser defined in the database with page level granularity, but has line level granularity in the current report.\", TechInfo \"Topic granularity inconsistency.TIB2\", Prog \"TopicIndexBuilder\", Label \"OKOK\", Caller \"\", CallerLabel \"\"","statusDetails":["Wed Dec 06 19:02:27 2023 - N379I- Phase: Reading input file","Wed Dec 06 19:02:27 2023 - N381I- Report ID: JOBS","Wed Dec 06 19:02:27 2023 - N499I- Report version: 20231128185545","Wed Dec 06 19:02:27 2023 - N057E- A parsing error caused archive creation to stop. Check the log file."],"documentStatuses":[],"links":[{"rel":"self","href":"/mobius/rest/repositories/5A892134-0E17-4D63-9C5E-0734DB7AF8E7/archivingstatuses/JOBS-20231128185545-0019","method":"GET"}]}
	at com.asg.acreatecli.impl.ArchiveRestClient.getCreateArchiveStatusEnhanced(ArchiveRestClient.java:73) ~[acreate-cli.jar:12.3.0001]
	at com.asg.acreatecli.common.StatusRequestProcessor.retrieveStatus(StatusRequestProcessor.java:178) ~[acreate-cli.jar:12.3.0001]
	at com.asg.acreatecli.common.StatusRequestProcessor.retrieveStatus(StatusRequestProcessor.java:192) ~[acreate-cli.jar:12.3.0001]
	at com.asg.acreatecli.common.StatusRequestProcessor.updateRequestStatusMap(StatusRequestProcessor.java:237) ~[acreate-cli.jar:12.3.0001]
	at com.asg.acreatecli.impl.ArchiveCreation.archiveOneInputFileMaskWithPolicy(ArchiveCreation.java:335) ~[acreate-cli.jar:12.3.0001]
	at com.asg.acreatecli.impl.ArchiveCreation.policyBasedArchiving(ArchiveCreation.java:375) ~[acreate-cli.jar:12.3.0001]
	at com.asg.acreatecli.impl.ArchiveCreation.archive(ArchiveCreation.java:118) ~[acreate-cli.jar:12.3.0001]
	at com.asg.acreatecli.commandline.ProcessCommands.processArchiveCreation(ProcessCommands.java:184) ~[acreate-cli.jar:12.3.0001]
	at com.asg.acreatecli.commandline.ProcessCommands.processCommands(ProcessCommands.java:137) ~[acreate-cli.jar:12.3.0001]
	at com.asg.acreatecli.AcreateClient.main(AcreateClient.java:39) ~[acreate-cli.jar:12.3.0001]
2023-12-06 16:02:52.628 [ERROR]    [main] com.asg.acreatecli.impl.ArchiveCreation:archive - Unexpected response status code: '500'. Response body is: {"statusID":"JOBS-20230128185545-0020","percentComplete":100,"status":"failed","statusMessage":"Problem 302, Severity 12, UserMsg \"N386E- Topic granularity inconsistency.\nTopic JobUser defined in the database with page level granularity, but has line level granularity in the current report.\", TechInfo \"Topic granularity inconsistency.TIB2\", Prog \"TopicIndexBuilder\", Label \"OKOK\", Caller \"\", CallerLabel \"\"","statusDetails":["Wed Dec 06 19:02:52 2023 - N379I- Phase: Reading input file","Wed Dec 06 19:02:52 2023 - N381I- Report ID: JOBS","Wed Dec 06 19:02:52 2023 - N499I- Report version: 20230128185545","Wed Dec 06 19:02:52 2023 - N057E- A parsing error caused archive creation to stop. Check the log file."],"documentStatuses":[],"links":[{"rel":"self","href":"/mobius/rest/repositories/5A892134-0E17-4D63-9C5E-0734DB7AF8E7/archivingstatuses/JOBS-20230128185545-0020","method":"GET"}]}
com.asg.acreatecli.exceptions.RequestFailedException: Unexpected response status code: '500'. Response body is: {"statusID":"JOBS-20230128185545-0020","percentComplete":100,"status":"failed","statusMessage":"Problem 302, Severity 12, UserMsg \"N386E- Topic granularity inconsistency.\nTopic JobUser defined in the database with page level granularity, but has line level granularity in the current report.\", TechInfo \"Topic granularity inconsistency.TIB2\", Prog \"TopicIndexBuilder\", Label \"OKOK\", Caller \"\", CallerLabel \"\"","statusDetails":["Wed Dec 06 19:02:52 2023 - N379I- Phase: Reading input file","Wed Dec 06 19:02:52 2023 - N381I- Report ID: JOBS","Wed Dec 06 19:02:52 2023 - N499I- Report version: 20230128185545","Wed Dec 06 19:02:52 2023 - N057E- A parsing error caused archive creation to stop. Check the log file."],"documentStatuses":[],"links":[{"rel":"self","href":"/mobius/rest/repositories/5A892134-0E17-4D63-9C5E-0734DB7AF8E7/archivingstatuses/JOBS-20230128185545-0020","method":"GET"}]}
	at com.asg.acreatecli.impl.ArchiveRestClient.getCreateArchiveStatusEnhanced(ArchiveRestClient.java:73) ~[acreate-cli.jar:12.3.0001]
	at com.asg.acreatecli.common.StatusRequestProcessor.retrieveStatus(StatusRequestProcessor.java:178) ~[acreate-cli.jar:12.3.0001]
	at com.asg.acreatecli.common.StatusRequestProcessor.retrieveStatus(StatusRequestProcessor.java:192) ~[acreate-cli.jar:12.3.0001]
	at com.asg.acreatecli.common.StatusRequestProcessor.updateRequestStatusMap(StatusRequestProcessor.java:237) ~[acreate-cli.jar:12.3.0001]
	at com.asg.acreatecli.impl.ArchiveCreation.archiveOneInputFileMaskWithPolicy(ArchiveCreation.java:335) ~[acreate-cli.jar:12.3.0001]
	at com.asg.acreatecli.impl.ArchiveCreation.policyBasedArchiving(ArchiveCreation.java:375) ~[acreate-cli.jar:12.3.0001]
	at com.asg.acreatecli.impl.ArchiveCreation.archive(ArchiveCreation.java:118) ~[acreate-cli.jar:12.3.0001]
	at com.asg.acreatecli.commandline.ProcessCommands.processArchiveCreation(ProcessCommands.java:184) ~[acreate-cli.jar:12.3.0001]
	at com.asg.acreatecli.commandline.ProcessCommands.processCommands(ProcessCommands.java:137) ~[acreate-cli.jar:12.3.0001]
	at com.asg.acreatecli.AcreateClient.main(AcreateClient.java:39) ~[acreate-cli.jar:12.3.0001]
2023-12-06 16:03:18.909 [ERROR]    [main] com.asg.acreatecli.impl.ArchiveCreation:archive - Unexpected response status code: '500'. Response body is: {"statusID":"JOBS-20230220185545-0021","percentComplete":100,"status":"failed","statusMessage":"Problem 302, Severity 12, UserMsg \"N386E- Topic granularity inconsistency.\nTopic JobUser defined in the database with page level granularity, but has line level granularity in the current report.\", TechInfo \"Topic granularity inconsistency.TIB2\", Prog \"TopicIndexBuilder\", Label \"OKOK\", Caller \"\", CallerLabel \"\"","statusDetails":["Wed Dec 06 19:03:18 2023 - N379I- Phase: Reading input file","Wed Dec 06 19:03:18 2023 - N381I- Report ID: JOBS","Wed Dec 06 19:03:18 2023 - N499I- Report version: 20230220185545","Wed Dec 06 19:03:18 2023 - N057E- A parsing error caused archive creation to stop. Check the log file."],"documentStatuses":[],"links":[{"rel":"self","href":"/mobius/rest/repositories/5A892134-0E17-4D63-9C5E-0734DB7AF8E7/archivingstatuses/JOBS-20230220185545-0021","method":"GET"}]}
com.asg.acreatecli.exceptions.RequestFailedException: Unexpected response status code: '500'. Response body is: {"statusID":"JOBS-20230220185545-0021","percentComplete":100,"status":"failed","statusMessage":"Problem 302, Severity 12, UserMsg \"N386E- Topic granularity inconsistency.\nTopic JobUser defined in the database with page level granularity, but has line level granularity in the current report.\", TechInfo \"Topic granularity inconsistency.TIB2\", Prog \"TopicIndexBuilder\", Label \"OKOK\", Caller \"\", CallerLabel \"\"","statusDetails":["Wed Dec 06 19:03:18 2023 - N379I- Phase: Reading input file","Wed Dec 06 19:03:18 2023 - N381I- Report ID: JOBS","Wed Dec 06 19:03:18 2023 - N499I- Report version: 20230220185545","Wed Dec 06 19:03:18 2023 - N057E- A parsing error caused archive creation to stop. Check the log file."],"documentStatuses":[],"links":[{"rel":"self","href":"/mobius/rest/repositories/5A892134-0E17-4D63-9C5E-0734DB7AF8E7/archivingstatuses/JOBS-20230220185545-0021","method":"GET"}]}
	at com.asg.acreatecli.impl.ArchiveRestClient.getCreateArchiveStatusEnhanced(ArchiveRestClient.java:73) ~[acreate-cli.jar:12.3.0001]
	at com.asg.acreatecli.common.StatusRequestProcessor.retrieveStatus(StatusRequestProcessor.java:178) ~[acreate-cli.jar:12.3.0001]
	at com.asg.acreatecli.common.StatusRequestProcessor.retrieveStatus(StatusRequestProcessor.java:192) ~[acreate-cli.jar:12.3.0001]
	at com.asg.acreatecli.common.StatusRequestProcessor.updateRequestStatusMap(StatusRequestProcessor.java:237) ~[acreate-cli.jar:12.3.0001]
	at com.asg.acreatecli.impl.ArchiveCreation.archiveOneInputFileMaskWithPolicy(ArchiveCreation.java:335) ~[acreate-cli.jar:12.3.0001]
	at com.asg.acreatecli.impl.ArchiveCreation.policyBasedArchiving(ArchiveCreation.java:375) ~[acreate-cli.jar:12.3.0001]
	at com.asg.acreatecli.impl.ArchiveCreation.archive(ArchiveCreation.java:118) ~[acreate-cli.jar:12.3.0001]
	at com.asg.acreatecli.commandline.ProcessCommands.processArchiveCreation(ProcessCommands.java:184) ~[acreate-cli.jar:12.3.0001]
	at com.asg.acreatecli.commandline.ProcessCommands.processCommands(ProcessCommands.java:137) ~[acreate-cli.jar:12.3.0001]
	at com.asg.acreatecli.AcreateClient.main(AcreateClient.java:39) ~[acreate-cli.jar:12.3.0001]
